# JRE version: Java(TM) SE Runtime Environment (8.0_91-b14) (build 1.8.0_91-b14)
# Java VM: Java HotSpot(TM) 64-Bit Server VM (25.91-b14 mixed mode bsd-amd64 compressed oops)
Heap:
 PSYoungGen      total 259584K, used 71150K [0x0000000795580000, 0x00000007ac780000, 0x00000007c0000000)
  eden space 243200K, 22% used [0x0000000795580000,0x0000000798b2ab90,0x00000007a4300000)
  from space 16384K, 98% used [0x00000007a4300000,0x00000007a52d0d90,0x00000007a5300000)
  to   space 18944K, 0% used [0x00000007ab500000,0x00000007ab500000,0x00000007ac780000)
 ParOldGen       total 72192K, used 20919K [0x0000000740000000, 0x0000000744680000, 0x0000000795580000)
  object space 72192K, 28% used [0x0000000740000000,0x000000074146df30,0x0000000744680000)
 Metaspace       used 50154K, capacity 52154K, committed 52480K, reserved 1095680K
  class space    used 6454K, capacity 6828K, committed 6912K, reserved 1048576K
GC Heap History (10 events):
Event: 7.572 GC heap before
{Heap before GC invocations=7 (full 1):
 PSYoungGen      total 71680K, used 66560K [0x0000000795580000, 0x000000079e880000, 0x00000007c0000000)
  eden space 66560K, 100% used [0x0000000795580000,0x0000000799680000,0x0000000799680000)
  from space 5120K, 0% used [0x0000000799680000,0x0000000799680000,0x0000000799b80000)
  to   space 8704K, 0% used [0x000000079e000000,0x000000079e000000,0x000000079e880000)
 ParOldGen       total 44032K, used 5488K [0x0000000740000000, 0x0000000742b00000, 0x0000000795580000)
  object space 44032K, 12% used [0x0000000740000000,0x000000074055c0c8,0x0000000742b00000)
 Metaspace       used 23175K, capacity 23882K, committed 24064K, reserved 1071104K
  class space    used 3044K, capacity 3243K, committed 3328K, reserved 1048576K
Event: 7.581 GC heap after
Heap after GC invocations=7 (full 1):
 PSYoungGen      total 135680K, used 6950K [0x0000000795580000, 0x000000079e700000, 0x00000007c0000000)
  eden space 128512K, 0% used [0x0000000795580000,0x0000000795580000,0x000000079d300000)
  from space 7168K, 96% used [0x000000079e000000,0x000000079e6c9b78,0x000000079e700000)
  to   space 9216K, 0% used [0x000000079d500000,0x000000079d500000,0x000000079de00000)
 ParOldGen       total 44032K, used 5496K [0x0000000740000000, 0x0000000742b00000, 0x0000000795580000)
  object space 44032K, 12% used [0x0000000740000000,0x000000074055e0c8,0x0000000742b00000)
 Metaspace       used 23175K, capacity 23882K, committed 24064K, reserved 1071104K
  class space    used 3044K, capacity 3243K, committed 3328K, reserved 1048576K
}
Event: 8.750 GC heap before
{Heap before GC invocations=8 (full 1):
 PSYoungGen      total 135680K, used 135462K [0x0000000795580000, 0x000000079e700000, 0x00000007c0000000)
  eden space 128512K, 100% used [0x0000000795580000,0x000000079d300000,0x000000079d300000)
  from space 7168K, 96% used [0x000000079e000000,0x000000079e6c9b78,0x000000079e700000)
  to   space 9216K, 0% used [0x000000079d500000,0x000000079d500000,0x000000079de00000)
 ParOldGen       total 44032K, used 5496K [0x0000000740000000, 0x0000000742b00000, 0x0000000795580000)
  object space 44032K, 12% used [0x0000000740000000,0x000000074055e0c8,0x0000000742b00000)
 Metaspace       used 31036K, capacity 32346K, committed 32640K, reserved 1077248K
  class space    used 4165K, capacity 4425K, committed 4480K, reserved 1048576K
Event: 8.768 GC heap after
Heap after GC invocations=8 (full 1):
 PSYoungGen      total 139776K, used 9193K [0x0000000795580000, 0x00000007a6000000, 0x00000007c0000000)
  eden space 130560K, 0% used [0x0000000795580000,0x0000000795580000,0x000000079d500000)
  from space 9216K, 99% used [0x000000079d500000,0x000000079ddfa6b0,0x000000079de00000)
  to   space 13312K, 0% used [0x00000007a5300000,0x00000007a5300000,0x00000007a6000000)
 ParOldGen       total 44032K, used 11875K [0x0000000740000000, 0x0000000742b00000, 0x0000000795580000)
  object space 44032K, 26% used [0x0000000740000000,0x0000000740b98d90,0x0000000742b00000)
 Metaspace       used 31036K, capacity 32346K, committed 32640K, reserved 1077248K
  class space    used 4165K, capacity 4425K, committed 4480K, reserved 1048576K
}
Event: 9.234 GC heap before
{Heap before GC invocations=9 (full 1):
 PSYoungGen      total 139776K, used 61424K [0x0000000795580000, 0x00000007a6000000, 0x00000007c0000000)
  eden space 130560K, 40% used [0x0000000795580000,0x0000000798881b90,0x000000079d500000)
  from space 9216K, 99% used [0x000000079d500000,0x000000079ddfa6b0,0x000000079de00000)
  to   space 13312K, 0% used [0x00000007a5300000,0x00000007a5300000,0x00000007a6000000)
 ParOldGen       total 44032K, used 11875K [0x0000000740000000, 0x0000000742b00000, 0x0000000795580000)
  object space 44032K, 26% used [0x0000000740000000,0x0000000740b98d90,0x0000000742b00000)
 Metaspace       used 34020K, capacity 35420K, committed 35496K, reserved 1079296K
  class space    used 4522K, capacity 4806K, committed 4864K, reserved 1048576K
Event: 9.252 GC heap after
Heap after GC invocations=9 (full 1):
 PSYoungGen      total 256512K, used 13291K [0x0000000795580000, 0x00000007a6980000, 0x00000007c0000000)
  eden space 243200K, 0% used [0x0000000795580000,0x0000000795580000,0x00000007a4300000)
  from space 13312K, 99% used [0x00000007a5300000,0x00000007a5ffac40,0x00000007a6000000)
  to   space 16384K, 0% used [0x00000007a4300000,0x00000007a4300000,0x00000007a5300000)
 ParOldGen       total 44032K, used 14509K [0x0000000740000000, 0x0000000742b00000, 0x0000000795580000)
  object space 44032K, 32% used [0x0000000740000000,0x0000000740e2b6a0,0x0000000742b00000)
 Metaspace       used 34020K, capacity 35420K, committed 35496K, reserved 1079296K
  class space    used 4522K, capacity 4806K, committed 4864K, reserved 1048576K
}
Event: 9.252 GC heap before
{Heap before GC invocations=10 (full 2):
 PSYoungGen      total 256512K, used 13291K [0x0000000795580000, 0x00000007a6980000, 0x00000007c0000000)
  eden space 243200K, 0% used [0x0000000795580000,0x0000000795580000,0x00000007a4300000)
  from space 13312K, 99% used [0x00000007a5300000,0x00000007a5ffac40,0x00000007a6000000)
  to   space 16384K, 0% used [0x00000007a4300000,0x00000007a4300000,0x00000007a5300000)
 ParOldGen       total 44032K, used 14509K [0x0000000740000000, 0x0000000742b00000, 0x0000000795580000)
  object space 44032K, 32% used [0x0000000740000000,0x0000000740e2b6a0,0x0000000742b00000)
 Metaspace       used 34020K, capacity 35420K, committed 35496K, reserved 1079296K
  class space    used 4522K, capacity 4806K, committed 4864K, reserved 1048576K
Event: 9.318 GC heap after
Heap after GC invocations=10 (full 2):
 PSYoungGen      total 256512K, used 0K [0x0000000795580000, 0x00000007a6980000, 0x00000007c0000000)
  eden space 243200K, 0% used [0x0000000795580000,0x0000000795580000,0x00000007a4300000)
  from space 13312K, 0% used [0x00000007a5300000,0x00000007a5300000,0x00000007a6000000)
  to   space 16384K, 0% used [0x00000007a4300000,0x00000007a4300000,0x00000007a5300000)
 ParOldGen       total 72192K, used 20911K [0x0000000740000000, 0x0000000744680000, 0x0000000795580000)
  object space 72192K, 28% used [0x0000000740000000,0x000000074146bf30,0x0000000744680000)
 Metaspace       used 34020K, capacity 35420K, committed 35496K, reserved 1079296K
  class space    used 4522K, capacity 4806K, committed 4864K, reserved 1048576K
}
Event: 14.230 GC heap before
{Heap before GC invocations=11 (full 2):
 PSYoungGen      total 256512K, used 243200K [0x0000000795580000, 0x00000007a6980000, 0x00000007c0000000)
  eden space 243200K, 100% used [0x0000000795580000,0x00000007a4300000,0x00000007a4300000)
  from space 13312K, 0% used [0x00000007a5300000,0x00000007a5300000,0x00000007a6000000)
  to   space 16384K, 0% used [0x00000007a4300000,0x00000007a4300000,0x00000007a5300000)
 ParOldGen       total 72192K, used 20911K [0x0000000740000000, 0x0000000744680000, 0x0000000795580000)
  object space 72192K, 28% used [0x0000000740000000,0x000000074146bf30,0x0000000744680000)
 Metaspace       used 45656K, capacity 47578K, committed 47872K, reserved 1091584K
  class space    used 5962K, capacity 6320K, committed 6400K, reserved 1048576K
Event: 14.256 GC heap after
Heap after GC invocations=11 (full 2):
 PSYoungGen      total 259584K, used 16195K [0x0000000795580000, 0x00000007ac780000, 0x00000007c0000000)
  eden space 243200K, 0% used [0x0000000795580000,0x0000000795580000,0x00000007a4300000)
  from space 16384K, 98% used [0x00000007a4300000,0x00000007a52d0d90,0x00000007a5300000)
  to   space 18944K, 0% used [0x00000007ab500000,0x00000007ab500000,0x00000007ac780000)
 ParOldGen       total 72192K, used 20919K [0x0000000740000000, 0x0000000744680000, 0x0000000795580000)
  object space 72192K, 28% used [0x0000000740000000,0x000000074146df30,0x0000000744680000)
 Metaspace       used 45656K, capacity 47578K, committed 47872K, reserved 1091584K
  class space    used 5962K, capacity 6320K, committed 6400K, reserved 1048576K
}

